# JRE version: OpenJDK Runtime Environment Corretto-17.0.19.10.1 (17.0.19+10) (build 17.0.19+10-LTS)
# Java VM: OpenJDK 64-Bit Server VM Corretto-17.0.19.10.1 (17.0.19+10-LTS, mixed mode, sharing, tiered, compressed oops, compressed class ptrs, g1 gc, windows-amd64)
GC Precious Log:
 CPUs: 8 total, 8 available
 Memory: 16122M
 Large Page Support: Disabled
 NUMA Support: Disabled
 Compressed Oops: Enabled (Zero based)
 Heap Region Size: 2M
 Heap Min Capacity: 8M
 Heap Initial Capacity: 252M
 Heap Max Capacity: 4032M
 Pre-touch: Disabled
 Parallel Workers: 8
 Concurrent Workers: 2
 Concurrent Refinement Workers: 8
 Periodic GC: Disabled
Heap:
 garbage-first heap   total 278528K, used 130079K [0x0000000704000000, 0x0000000800000000)
  region size 2048K, 16 young (32768K), 1 survivors (2048K)
 Metaspace       used 31331K, committed 31552K, reserved 1114112K
  class space    used 3511K, committed 3648K, reserved 1048576K
GC Heap History (20 events):
Event: 8.284 GC heap before
{Heap before GC invocations=4 (full 0):
 garbage-first heap   total 258048K, used 170165K [0x0000000704000000, 0x0000000800000000)
  region size 2048K, 75 young (153600K), 5 survivors (10240K)
 Metaspace       used 21180K, committed 21376K, reserved 1114112K
  class space    used 2399K, committed 2496K, reserved 1048576K
}
Event: 8.291 GC heap after
{Heap after GC invocations=5 (full 0):
 garbage-first heap   total 258048K, used 33363K [0x0000000704000000, 0x0000000800000000)
  region size 2048K, 8 young (16384K), 8 survivors (16384K)
 Metaspace       used 21180K, committed 21376K, reserved 1114112K
  class space    used 2399K, committed 2496K, reserved 1048576K
}
Event: 8.311 GC heap before
{Heap before GC invocations=5 (full 0):
 garbage-first heap   total 258048K, used 35411K [0x0000000704000000, 0x0000000800000000)
  region size 2048K, 10 young (20480K), 8 survivors (16384K)
 Metaspace       used 21315K, committed 21504K, reserved 1114112K
  class space    used 2414K, committed 2496K, reserved 1048576K
}
Event: 8.318 GC heap after
{Heap after GC invocations=6 (full 0):
 garbage-first heap   total 258048K, used 34264K [0x0000000704000000, 0x0000000800000000)
  region size 2048K, 5 young (10240K), 5 survivors (10240K)
 Metaspace       used 21315K, committed 21504K, reserved 1114112K
  class space    used 2414K, committed 2496K, reserved 1048576K
}
Event: 9.510 GC heap before
{Heap before GC invocations=7 (full 0):
 garbage-first heap   total 131072K, used 112088K [0x0000000704000000, 0x0000000800000000)
  region size 2048K, 28 young (57344K), 5 survivors (10240K)
 Metaspace       used 24476K, committed 24768K, reserved 1114112K
  class space    used 2751K, committed 2880K, reserved 1048576K
}
Event: 9.515 GC heap after
{Heap after GC invocations=8 (full 0):
 garbage-first heap   total 131072K, used 35513K [0x0000000704000000, 0x0000000800000000)
  region size 2048K, 2 young (4096K), 2 survivors (4096K)
 Metaspace       used 24476K, committed 24768K, reserved 1114112K
  class space    used 2751K, committed 2880K, reserved 1048576K
}
Event: 9.534 GC heap before
{Heap before GC invocations=8 (full 0):
 garbage-first heap   total 131072K, used 37561K [0x0000000704000000, 0x0000000800000000)
  region size 2048K, 3 young (6144K), 2 survivors (4096K)
 Metaspace       used 24484K, committed 24768K, reserved 1114112K
  class space    used 2751K, committed 2880K, reserved 1048576K
}
Event: 9.538 GC heap after
{Heap after GC invocations=9 (full 0):
 garbage-first heap   total 131072K, used 39353K [0x0000000704000000, 0x0000000800000000)
  region size 2048K, 1 young (2048K), 1 survivors (2048K)
 Metaspace       used 24484K, committed 24768K, reserved 1114112K
  class space    used 2751K, committed 2880K, reserved 1048576K
}
Event: 10.614 GC heap before
{Heap before GC invocations=9 (full 0):
 garbage-first heap   total 131072K, used 102841K [0x0000000704000000, 0x0000000800000000)
  region size 2048K, 31 young (63488K), 1 survivors (2048K)
 Metaspace       used 30388K, committed 30592K, reserved 1114112K
  class space    used 3430K, committed 3520K, reserved 1048576K
}
Event: 10.623 GC heap after
{Heap after GC invocations=10 (full 0):
 garbage-first heap   total 135168K, used 71397K [0x0000000704000000, 0x0000000800000000)
  region size 2048K, 4 young (8192K), 4 survivors (8192K)
 Metaspace       used 30388K, committed 30592K, reserved 1114112K
  class space    used 3430K, committed 3520K, reserved 1048576K
}
Event: 10.914 GC heap before
{Heap before GC invocations=10 (full 0):
 garbage-first heap   total 135168K, used 100069K [0x0000000704000000, 0x0000000800000000)
  region size 2048K, 19 young (38912K), 4 survivors (8192K)
 Metaspace       used 30423K, committed 30656K, reserved 1114112K
  class space    used 3430K, committed 3520K, reserved 1048576K
}
Event: 10.920 GC heap after
{Heap after GC invocations=11 (full 0):
 garbage-first heap   total 135168K, used 82762K [0x0000000704000000, 0x0000000800000000)
  region size 2048K, 3 young (6144K), 3 survivors (6144K)
 Metaspace       used 30423K, committed 30656K, reserved 1114112K
  class space    used 3430K, committed 3520K, reserved 1048576K
}
Event: 11.134 GC heap before
{Heap before GC invocations=12 (full 0):
 garbage-first heap   total 143360K, used 103242K [0x0000000704000000, 0x0000000800000000)
  region size 2048K, 13 young (26624K), 3 survivors (6144K)
 Metaspace       used 30425K, committed 30656K, reserved 1114112K
  class space    used 3430K, committed 3520K, reserved 1048576K
}
Event: 11.141 GC heap after
{Heap after GC invocations=13 (full 0):
 garbage-first heap   total 143360K, used 92160K [0x0000000704000000, 0x0000000800000000)
  region size 2048K, 2 young (4096K), 2 survivors (4096K)
 Metaspace       used 30425K, committed 30656K, reserved 1114112K
  class space    used 3430K, committed 3520K, reserved 1048576K
}
Event: 11.342 GC heap before
{Heap before GC invocations=13 (full 0):
 garbage-first heap   total 143360K, used 108544K [0x0000000704000000, 0x0000000800000000)
  region size 2048K, 11 young (22528K), 2 survivors (4096K)
 Metaspace       used 30433K, committed 30656K, reserved 1114112K
  class space    used 3430K, committed 3520K, reserved 1048576K
}
Event: 11.346 GC heap after
{Heap after GC invocations=14 (full 0):
 garbage-first heap   total 143360K, used 98930K [0x0000000704000000, 0x0000000800000000)
  region size 2048K, 2 young (4096K), 2 survivors (4096K)
 Metaspace       used 30433K, committed 30656K, reserved 1114112K
  class space    used 3430K, committed 3520K, reserved 1048576K
}
Event: 11.534 GC heap before
{Heap before GC invocations=15 (full 0):
 garbage-first heap   total 163840K, used 109170K [0x0000000704000000, 0x0000000800000000)
  region size 2048K, 9 young (18432K), 2 survivors (4096K)
 Metaspace       used 30845K, committed 31104K, reserved 1114112K
  class space    used 3481K, committed 3584K, reserved 1048576K
}
Event: 11.539 GC heap after
{Heap after GC invocations=16 (full 0):
 garbage-first heap   total 163840K, used 99145K [0x0000000704000000, 0x0000000800000000)
  region size 2048K, 2 young (4096K), 2 survivors (4096K)
 Metaspace       used 30845K, committed 31104K, reserved 1114112K
  class space    used 3481K, committed 3584K, reserved 1048576K
}
Event: 11.582 GC heap before
{Heap before GC invocations=16 (full 0):
 garbage-first heap   total 163840K, used 103241K [0x0000000704000000, 0x0000000800000000)
  region size 2048K, 4 young (8192K), 2 survivors (4096K)
 Metaspace       used 30951K, committed 31232K, reserved 1114112K
  class space    used 3493K, committed 3648K, reserved 1048576K
}
Event: 11.587 GC heap after
{Heap after GC invocations=17 (full 0):
 garbage-first heap   total 278528K, used 99359K [0x0000000704000000, 0x0000000800000000)
  region size 2048K, 1 young (2048K), 1 survivors (2048K)
 Metaspace       used 30951K, committed 31232K, reserved 1114112K
  class space    used 3493K, committed 3648K, reserved 1048576K
}

