# JRE version: OpenJDK Runtime Environment Temurin-21.0.10+7 (21.0.10+7) (build 21.0.10+7-LTS)
# Java VM: OpenJDK 64-Bit Server VM Temurin-21.0.10+7 (21.0.10+7-LTS, mixed mode, sharing, tiered, compressed oops, compressed class ptrs, parallel gc, windows-amd64)
GC Precious Log:
 CardTable entry size: 512
 CPUs: 8 total, 8 available
 Memory: 16122M
 Large Page Support: Disabled
 NUMA Support: Disabled
 Compressed Oops: Enabled (32-bit)
 Alignments: Space 512K, Generation 512K, Heap 2M
 Heap Min Capacity: 100M
 Heap Initial Capacity: 100M
 Heap Max Capacity: 2G
 Pre-touch: Disabled
 Parallel Workers: 8
Heap:
 PSYoungGen      total 15360K, used 3116K [0x00000000d5580000, 0x00000000d6880000, 0x0000000100000000)
  eden space 14336K, 14% used [0x00000000d5580000,0x00000000d5793270,0x00000000d6380000)
  from space 1024K, 96% used [0x00000000d6480000,0x00000000d6578020,0x00000000d6580000)
  to   space 2560K, 0% used [0x00000000d6600000,0x00000000d6600000,0x00000000d6880000)
 ParOldGen       total 137728K, used 137413K [0x0000000080000000, 0x0000000088680000, 0x00000000d5580000)
  object space 137728K, 99% used [0x0000000080000000,0x0000000088631558,0x0000000088680000)
 Metaspace       used 67047K, committed 68608K, reserved 1114112K
  class space    used 6997K, committed 7680K, reserved 1048576K
GC Heap History (20 events):
Event: 26.027 GC heap before
{Heap before GC invocations=203 (full 3):
 PSYoungGen      total 14848K, used 14720K [0x00000000d5580000, 0x00000000d6600000, 0x0000000100000000)
  eden space 14336K, 100% used [0x00000000d5580000,0x00000000d6380000,0x00000000d6380000)
  from space 512K, 75% used [0x00000000d6500000,0x00000000d6560000,0x00000000d6580000)
  to   space 512K, 0% used [0x00000000d6580000,0x00000000d6580000,0x00000000d6600000)
 ParOldGen       total 129536K, used 128912K [0x0000000080000000, 0x0000000087e80000, 0x00000000d5580000)
  object space 129536K, 99% used [0x0000000080000000,0x0000000087de4258,0x0000000087e80000)
 Metaspace       used 61134K, committed 62592K, reserved 1114112K
  class space    used 6423K, committed 7040K, reserved 1048576K
}
Event: 26.027 GC heap after
{Heap after GC invocations=203 (full 3):
 PSYoungGen      total 14848K, used 320K [0x00000000d5580000, 0x00000000d6600000, 0x0000000100000000)
  eden space 14336K, 0% used [0x00000000d5580000,0x00000000d5580000,0x00000000d6380000)
  from space 512K, 62% used [0x00000000d6580000,0x00000000d65d0000,0x00000000d6600000)
  to   space 512K, 0% used [0x00000000d6500000,0x00000000d6500000,0x00000000d6580000)
 ParOldGen       total 129536K, used 129136K [0x0000000080000000, 0x0000000087e80000, 0x00000000d5580000)
  object space 129536K, 99% used [0x0000000080000000,0x0000000087e1c258,0x0000000087e80000)
 Metaspace       used 61134K, committed 62592K, reserved 1114112K
  class space    used 6423K, committed 7040K, reserved 1048576K
}
Event: 26.136 GC heap before
{Heap before GC invocations=204 (full 3):
 PSYoungGen      total 14848K, used 14656K [0x00000000d5580000, 0x00000000d6600000, 0x0000000100000000)
  eden space 14336K, 100% used [0x00000000d5580000,0x00000000d6380000,0x00000000d6380000)
  from space 512K, 62% used [0x00000000d6580000,0x00000000d65d0000,0x00000000d6600000)
  to   space 512K, 0% used [0x00000000d6500000,0x00000000d6500000,0x00000000d6580000)
 ParOldGen       total 129536K, used 129136K [0x0000000080000000, 0x0000000087e80000, 0x00000000d5580000)
  object space 129536K, 99% used [0x0000000080000000,0x0000000087e1c258,0x0000000087e80000)
 Metaspace       used 61877K, committed 63360K, reserved 1114112K
  class space    used 6520K, committed 7168K, reserved 1048576K
}
Event: 26.137 GC heap after
{Heap after GC invocations=204 (full 3):
 PSYoungGen      total 14848K, used 512K [0x00000000d5580000, 0x00000000d6680000, 0x0000000100000000)
  eden space 14336K, 0% used [0x00000000d5580000,0x00000000d5580000,0x00000000d6380000)
  from space 512K, 100% used [0x00000000d6500000,0x00000000d6580000,0x00000000d6580000)
  to   space 1024K, 0% used [0x00000000d6580000,0x00000000d6580000,0x00000000d6680000)
 ParOldGen       total 130048K, used 129712K [0x0000000080000000, 0x0000000087f00000, 0x00000000d5580000)
  object space 130048K, 99% used [0x0000000080000000,0x0000000087eac278,0x0000000087f00000)
 Metaspace       used 61877K, committed 63360K, reserved 1114112K
  class space    used 6520K, committed 7168K, reserved 1048576K
}
Event: 26.274 GC heap before
{Heap before GC invocations=205 (full 3):
 PSYoungGen      total 14848K, used 14848K [0x00000000d5580000, 0x00000000d6680000, 0x0000000100000000)
  eden space 14336K, 100% used [0x00000000d5580000,0x00000000d6380000,0x00000000d6380000)
  from space 512K, 100% used [0x00000000d6500000,0x00000000d6580000,0x00000000d6580000)
  to   space 1024K, 0% used [0x00000000d6580000,0x00000000d6580000,0x00000000d6680000)
 ParOldGen       total 130048K, used 129712K [0x0000000080000000, 0x0000000087f00000, 0x00000000d5580000)
  object space 130048K, 99% used [0x0000000080000000,0x0000000087eac278,0x0000000087f00000)
 Metaspace       used 62266K, committed 63808K, reserved 1114112K
  class space    used 6568K, committed 7232K, reserved 1048576K
}
Event: 26.277 GC heap after
{Heap after GC invocations=205 (full 3):
 PSYoungGen      total 15360K, used 938K [0x00000000d5580000, 0x00000000d6680000, 0x0000000100000000)
  eden space 14336K, 0% used [0x00000000d5580000,0x00000000d5580000,0x00000000d6380000)
  from space 1024K, 91% used [0x00000000d6580000,0x00000000d666ab98,0x00000000d6680000)
  to   space 1024K, 0% used [0x00000000d6480000,0x00000000d6480000,0x00000000d6580000)
 ParOldGen       total 130560K, used 130209K [0x0000000080000000, 0x0000000087f80000, 0x00000000d5580000)
  object space 130560K, 99% used [0x0000000080000000,0x0000000087f287c8,0x0000000087f80000)
 Metaspace       used 62266K, committed 63808K, reserved 1114112K
  class space    used 6568K, committed 7232K, reserved 1048576K
}
Event: 26.338 GC heap before
{Heap before GC invocations=206 (full 3):
 PSYoungGen      total 15360K, used 15274K [0x00000000d5580000, 0x00000000d6680000, 0x0000000100000000)
  eden space 14336K, 100% used [0x00000000d5580000,0x00000000d6380000,0x00000000d6380000)
  from space 1024K, 91% used [0x00000000d6580000,0x00000000d666ab98,0x00000000d6680000)
  to   space 1024K, 0% used [0x00000000d6480000,0x00000000d6480000,0x00000000d6580000)
 ParOldGen       total 130560K, used 130209K [0x0000000080000000, 0x0000000087f80000, 0x00000000d5580000)
  object space 130560K, 99% used [0x0000000080000000,0x0000000087f287c8,0x0000000087f80000)
 Metaspace       used 62391K, committed 63936K, reserved 1114112K
  class space    used 6573K, committed 7232K, reserved 1048576K
}
Event: 26.340 GC heap after
{Heap after GC invocations=206 (full 3):
 PSYoungGen      total 15360K, used 896K [0x00000000d5580000, 0x00000000d6600000, 0x0000000100000000)
  eden space 14336K, 0% used [0x00000000d5580000,0x00000000d5580000,0x00000000d6380000)
  from space 1024K, 87% used [0x00000000d6480000,0x00000000d6560000,0x00000000d6580000)
  to   space 512K, 0% used [0x00000000d6580000,0x00000000d6580000,0x00000000d6600000)
 ParOldGen       total 131072K, used 130775K [0x0000000080000000, 0x0000000088000000, 0x00000000d5580000)
  object space 131072K, 99% used [0x0000000080000000,0x0000000087fb5df8,0x0000000088000000)
 Metaspace       used 62391K, committed 63936K, reserved 1114112K
  class space    used 6573K, committed 7232K, reserved 1048576K
}
Event: 26.421 GC heap before
{Heap before GC invocations=207 (full 3):
 PSYoungGen      total 15360K, used 15232K [0x00000000d5580000, 0x00000000d6600000, 0x0000000100000000)
  eden space 14336K, 100% used [0x00000000d5580000,0x00000000d6380000,0x00000000d6380000)
  from space 1024K, 87% used [0x00000000d6480000,0x00000000d6560000,0x00000000d6580000)
  to   space 512K, 0% used [0x00000000d6580000,0x00000000d6580000,0x00000000d6600000)
 ParOldGen       total 131072K, used 130778K [0x0000000080000000, 0x0000000088000000, 0x00000000d5580000)
  object space 131072K, 99% used [0x0000000080000000,0x0000000087fb6978,0x0000000088000000)
 Metaspace       used 62892K, committed 64448K, reserved 1114112K
  class space    used 6617K, committed 7296K, reserved 1048576K
}
Event: 26.425 GC heap after
{Heap after GC invocations=207 (full 3):
 PSYoungGen      total 14848K, used 490K [0x00000000d5580000, 0x00000000d6780000, 0x0000000100000000)
  eden space 14336K, 0% used [0x00000000d5580000,0x00000000d5580000,0x00000000d6380000)
  from space 512K, 95% used [0x00000000d6580000,0x00000000d65fa930,0x00000000d6600000)
  to   space 2048K, 0% used [0x00000000d6380000,0x00000000d6380000,0x00000000d6580000)
 ParOldGen       total 132096K, used 132027K [0x0000000080000000, 0x0000000088100000, 0x00000000d5580000)
  object space 132096K, 99% used [0x0000000080000000,0x00000000880eee28,0x0000000088100000)
 Metaspace       used 62892K, committed 64448K, reserved 1114112K
  class space    used 6617K, committed 7296K, reserved 1048576K
}
Event: 26.543 GC heap before
{Heap before GC invocations=208 (full 3):
 PSYoungGen      total 14848K, used 14808K [0x00000000d5580000, 0x00000000d6780000, 0x0000000100000000)
  eden space 14336K, 99% used [0x00000000d5580000,0x00000000d637ba88,0x00000000d6380000)
  from space 512K, 95% used [0x00000000d6580000,0x00000000d65fa930,0x00000000d6600000)
  to   space 2048K, 0% used [0x00000000d6380000,0x00000000d6380000,0x00000000d6580000)
 ParOldGen       total 132096K, used 132027K [0x0000000080000000, 0x0000000088100000, 0x00000000d5580000)
  object space 132096K, 99% used [0x0000000080000000,0x00000000880eee28,0x0000000088100000)
 Metaspace       used 63543K, committed 65024K, reserved 1114112K
  class space    used 6719K, committed 7360K, reserved 1048576K
}
Event: 26.545 GC heap after
{Heap after GC invocations=208 (full 3):
 PSYoungGen      total 16384K, used 1539K [0x00000000d5580000, 0x00000000d6780000, 0x0000000100000000)
  eden space 14336K, 0% used [0x00000000d5580000,0x00000000d5580000,0x00000000d6380000)
  from space 2048K, 75% used [0x00000000d6380000,0x00000000d6500c48,0x00000000d6580000)
  to   space 2048K, 0% used [0x00000000d6580000,0x00000000d6580000,0x00000000d6780000)
 ParOldGen       total 132608K, used 132516K [0x0000000080000000, 0x0000000088180000, 0x00000000d5580000)
  object space 132608K, 99% used [0x0000000080000000,0x00000000881691c8,0x0000000088180000)
 Metaspace       used 63543K, committed 65024K, reserved 1114112K
  class space    used 6719K, committed 7360K, reserved 1048576K
}
Event: 26.694 GC heap before
{Heap before GC invocations=209 (full 3):
 PSYoungGen      total 16384K, used 15875K [0x00000000d5580000, 0x00000000d6780000, 0x0000000100000000)
  eden space 14336K, 100% used [0x00000000d5580000,0x00000000d6380000,0x00000000d6380000)
  from space 2048K, 75% used [0x00000000d6380000,0x00000000d6500c48,0x00000000d6580000)
  to   space 2048K, 0% used [0x00000000d6580000,0x00000000d6580000,0x00000000d6780000)
 ParOldGen       total 132608K, used 132516K [0x0000000080000000, 0x0000000088180000, 0x00000000d5580000)
  object space 132608K, 99% used [0x0000000080000000,0x00000000881691c8,0x0000000088180000)
 Metaspace       used 65028K, committed 66624K, reserved 1114112K
  class space    used 6840K, committed 7552K, reserved 1048576K
}
Event: 26.697 GC heap after
{Heap after GC invocations=209 (full 3):
 PSYoungGen      total 16384K, used 1852K [0x00000000d5580000, 0x00000000d6780000, 0x0000000100000000)
  eden space 14336K, 0% used [0x00000000d5580000,0x00000000d5580000,0x00000000d6380000)
  from space 2048K, 90% used [0x00000000d6580000,0x00000000d674f218,0x00000000d6780000)
  to   space 2048K, 0% used [0x00000000d6380000,0x00000000d6380000,0x00000000d6580000)
 ParOldGen       total 134144K, used 133830K [0x0000000080000000, 0x0000000088300000, 0x00000000d5580000)
  object space 134144K, 99% used [0x0000000080000000,0x00000000882b1988,0x0000000088300000)
 Metaspace       used 65028K, committed 66624K, reserved 1114112K
  class space    used 6840K, committed 7552K, reserved 1048576K
}
Event: 26.944 GC heap before
{Heap before GC invocations=210 (full 3):
 PSYoungGen      total 16384K, used 16184K [0x00000000d5580000, 0x00000000d6780000, 0x0000000100000000)
  eden space 14336K, 99% used [0x00000000d5580000,0x00000000d637f048,0x00000000d6380000)
  from space 2048K, 90% used [0x00000000d6580000,0x00000000d674f218,0x00000000d6780000)
  to   space 2048K, 0% used [0x00000000d6380000,0x00000000d6380000,0x00000000d6580000)
 ParOldGen       total 134144K, used 133847K [0x0000000080000000, 0x0000000088300000, 0x00000000d5580000)
  object space 134144K, 99% used [0x0000000080000000,0x00000000882b5c68,0x0000000088300000)
 Metaspace       used 66191K, committed 67776K, reserved 1114112K
  class space    used 6948K, committed 7680K, reserved 1048576K
}
Event: 26.947 GC heap after
{Heap after GC invocations=210 (full 3):
 PSYoungGen      total 16384K, used 1408K [0x00000000d5580000, 0x00000000d6780000, 0x0000000100000000)
  eden space 14336K, 0% used [0x00000000d5580000,0x00000000d5580000,0x00000000d6380000)
  from space 2048K, 68% used [0x00000000d6380000,0x00000000d64e0020,0x00000000d6580000)
  to   space 2048K, 0% used [0x00000000d6580000,0x00000000d6580000,0x00000000d6780000)
 ParOldGen       total 135680K, used 135222K [0x0000000080000000, 0x0000000088480000, 0x00000000d5580000)
  object space 135680K, 99% used [0x0000000080000000,0x000000008840d948,0x0000000088480000)
 Metaspace       used 66191K, committed 67776K, reserved 1114112K
  class space    used 6948K, committed 7680K, reserved 1048576K
}
Event: 27.045 GC heap before
{Heap before GC invocations=211 (full 3):
 PSYoungGen      total 16384K, used 15744K [0x00000000d5580000, 0x00000000d6780000, 0x0000000100000000)
  eden space 14336K, 100% used [0x00000000d5580000,0x00000000d6380000,0x00000000d6380000)
  from space 2048K, 68% used [0x00000000d6380000,0x00000000d64e0020,0x00000000d6580000)
  to   space 2048K, 0% used [0x00000000d6580000,0x00000000d6580000,0x00000000d6780000)
 ParOldGen       total 135680K, used 135225K [0x0000000080000000, 0x0000000088480000, 0x00000000d5580000)
  object space 135680K, 99% used [0x0000000080000000,0x000000008840e438,0x0000000088480000)
 Metaspace       used 66553K, committed 68096K, reserved 1114112K
  class space    used 6973K, committed 7680K, reserved 1048576K
}
Event: 27.047 GC heap after
{Heap after GC invocations=211 (full 3):
 PSYoungGen      total 15360K, used 601K [0x00000000d5580000, 0x00000000d6680000, 0x0000000100000000)
  eden space 14336K, 0% used [0x00000000d5580000,0x00000000d5580000,0x00000000d6380000)
  from space 1024K, 58% used [0x00000000d6580000,0x00000000d6616410,0x00000000d6680000)
  to   space 1024K, 0% used [0x00000000d6480000,0x00000000d6480000,0x00000000d6580000)
 ParOldGen       total 136704K, used 136507K [0x0000000080000000, 0x0000000088580000, 0x00000000d5580000)
  object space 136704K, 99% used [0x0000000080000000,0x000000008854ec48,0x0000000088580000)
 Metaspace       used 66553K, committed 68096K, reserved 1114112K
  class space    used 6973K, committed 7680K, reserved 1048576K
}
Event: 37.147 GC heap before
{Heap before GC invocations=212 (full 3):
 PSYoungGen      total 15360K, used 14937K [0x00000000d5580000, 0x00000000d6680000, 0x0000000100000000)
  eden space 14336K, 100% used [0x00000000d5580000,0x00000000d6380000,0x00000000d6380000)
  from space 1024K, 58% used [0x00000000d6580000,0x00000000d6616410,0x00000000d6680000)
  to   space 1024K, 0% used [0x00000000d6480000,0x00000000d6480000,0x00000000d6580000)
 ParOldGen       total 136704K, used 136507K [0x0000000080000000, 0x0000000088580000, 0x00000000d5580000)
  object space 136704K, 99% used [0x0000000080000000,0x000000008854ec48,0x0000000088580000)
 Metaspace       used 66843K, committed 68416K, reserved 1114112K
  class space    used 6986K, committed 7680K, reserved 1048576K
}
Event: 37.149 GC heap after
{Heap after GC invocations=212 (full 3):
 PSYoungGen      total 15360K, used 992K [0x00000000d5580000, 0x00000000d6880000, 0x0000000100000000)
  eden space 14336K, 0% used [0x00000000d5580000,0x00000000d5580000,0x00000000d6380000)
  from space 1024K, 96% used [0x00000000d6480000,0x00000000d6578020,0x00000000d6580000)
  to   space 2560K, 0% used [0x00000000d6600000,0x00000000d6600000,0x00000000d6880000)
 ParOldGen       total 137728K, used 137413K [0x0000000080000000, 0x0000000088680000, 0x00000000d5580000)
  object space 137728K, 99% used [0x0000000080000000,0x0000000088631558,0x0000000088680000)
 Metaspace       used 66843K, committed 68416K, reserved 1114112K
  class space    used 6986K, committed 7680K, reserved 1048576K
}

