# JRE version: OpenJDK Runtime Environment Temurin-21.0.10+7 (21.0.10+7) (build 21.0.10+7-LTS)
# Java VM: OpenJDK 64-Bit Server VM Temurin-21.0.10+7 (21.0.10+7-LTS, mixed mode, sharing, tiered, compressed oops, compressed class ptrs, parallel gc, windows-amd64)
GC Precious Log:
 CardTable entry size: 512
 CPUs: 8 total, 8 available
 Memory: 16122M
 Large Page Support: Disabled
 NUMA Support: Disabled
 Compressed Oops: Enabled (32-bit)
 Alignments: Space 512K, Generation 512K, Heap 2M
 Heap Min Capacity: 100M
 Heap Initial Capacity: 100M
 Heap Max Capacity: 2G
 Pre-touch: Disabled
 Parallel Workers: 8
Heap:
 PSYoungGen      total 7168K, used 5936K [0x00000000d5580000, 0x00000000d6280000, 0x0000000100000000)
  eden space 4096K, 70% used [0x00000000d5580000,0x00000000d5850ff0,0x00000000d5980000)
  from space 3072K, 99% used [0x00000000d5d80000,0x00000000d607b090,0x00000000d6080000)
  to   space 4096K, 0% used [0x00000000d5980000,0x00000000d5980000,0x00000000d5d80000)
 ParOldGen       total 1327104K, used 529003K [0x0000000080000000, 0x00000000d1000000, 0x00000000d5580000)
  object space 1327104K, 39% used [0x0000000080000000,0x00000000a049ae88,0x00000000d1000000)
 Metaspace       used 87894K, committed 89728K, reserved 1179648K
  class space    used 8913K, committed 9728K, reserved 1048576K
GC Heap History (20 events):
Event: 1387.087 GC heap before
{Heap before GC invocations=3711 (full 4):
 PSYoungGen      total 3584K, used 3472K [0x00000000d5580000, 0x00000000d5980000, 0x0000000100000000)
  eden space 3072K, 100% used [0x00000000d5580000,0x00000000d5880000,0x00000000d5880000)
  from space 512K, 78% used [0x00000000d5900000,0x00000000d5964010,0x00000000d5980000)
  to   space 512K, 0% used [0x00000000d5880000,0x00000000d5880000,0x00000000d5900000)
 ParOldGen       total 1327104K, used 518028K [0x0000000080000000, 0x00000000d1000000, 0x00000000d5580000)
  object space 1327104K, 39% used [0x0000000080000000,0x000000009f9e30e0,0x00000000d1000000)
 Metaspace       used 87876K, committed 89728K, reserved 1179648K
  class space    used 8912K, committed 9728K, reserved 1048576K
}
Event: 1387.089 GC heap after
{Heap after GC invocations=3711 (full 4):
 PSYoungGen      total 3584K, used 486K [0x00000000d5580000, 0x00000000d5c80000, 0x0000000100000000)
  eden space 3072K, 0% used [0x00000000d5580000,0x00000000d5580000,0x00000000d5880000)
  from space 512K, 94% used [0x00000000d5880000,0x00000000d58f9848,0x00000000d5900000)
  to   space 2048K, 0% used [0x00000000d5a80000,0x00000000d5a80000,0x00000000d5c80000)
 ParOldGen       total 1327104K, used 519034K [0x0000000080000000, 0x00000000d1000000, 0x00000000d5580000)
  object space 1327104K, 39% used [0x0000000080000000,0x000000009fade948,0x00000000d1000000)
 Metaspace       used 87876K, committed 89728K, reserved 1179648K
  class space    used 8912K, committed 9728K, reserved 1048576K
}
Event: 1387.102 GC heap before
{Heap before GC invocations=3712 (full 4):
 PSYoungGen      total 3584K, used 3558K [0x00000000d5580000, 0x00000000d5c80000, 0x0000000100000000)
  eden space 3072K, 100% used [0x00000000d5580000,0x00000000d5880000,0x00000000d5880000)
  from space 512K, 94% used [0x00000000d5880000,0x00000000d58f9848,0x00000000d5900000)
  to   space 2048K, 0% used [0x00000000d5a80000,0x00000000d5a80000,0x00000000d5c80000)
 ParOldGen       total 1327104K, used 519034K [0x0000000080000000, 0x00000000d1000000, 0x00000000d5580000)
  object space 1327104K, 39% used [0x0000000080000000,0x000000009fade948,0x00000000d1000000)
 Metaspace       used 87876K, committed 89728K, reserved 1179648K
  class space    used 8912K, committed 9728K, reserved 1048576K
}
Event: 1387.104 GC heap after
{Heap after GC invocations=3712 (full 4):
 PSYoungGen      total 3584K, used 2048K [0x00000000d5580000, 0x00000000d5f80000, 0x0000000100000000)
  eden space 1536K, 0% used [0x00000000d5580000,0x00000000d5580000,0x00000000d5700000)
  from space 2048K, 100% used [0x00000000d5a80000,0x00000000d5c80000,0x00000000d5c80000)
  to   space 3584K, 0% used [0x00000000d5700000,0x00000000d5700000,0x00000000d5a80000)
 ParOldGen       total 1327104K, used 519992K [0x0000000080000000, 0x00000000d1000000, 0x00000000d5580000)
  object space 1327104K, 39% used [0x0000000080000000,0x000000009fbce190,0x00000000d1000000)
 Metaspace       used 87876K, committed 89728K, reserved 1179648K
  class space    used 8912K, committed 9728K, reserved 1048576K
}
Event: 1387.107 GC heap before
{Heap before GC invocations=3713 (full 4):
 PSYoungGen      total 3584K, used 3584K [0x00000000d5580000, 0x00000000d5f80000, 0x0000000100000000)
  eden space 1536K, 100% used [0x00000000d5580000,0x00000000d5700000,0x00000000d5700000)
  from space 2048K, 100% used [0x00000000d5a80000,0x00000000d5c80000,0x00000000d5c80000)
  to   space 3584K, 0% used [0x00000000d5700000,0x00000000d5700000,0x00000000d5a80000)
 ParOldGen       total 1327104K, used 519992K [0x0000000080000000, 0x00000000d1000000, 0x00000000d5580000)
  object space 1327104K, 39% used [0x0000000080000000,0x000000009fbce190,0x00000000d1000000)
 Metaspace       used 87876K, committed 89728K, reserved 1179648K
  class space    used 8912K, committed 9728K, reserved 1048576K
}
Event: 1387.109 GC heap after
{Heap after GC invocations=3713 (full 4):
 PSYoungGen      total 3072K, used 1516K [0x00000000d5580000, 0x00000000d5c80000, 0x0000000100000000)
  eden space 1536K, 0% used [0x00000000d5580000,0x00000000d5580000,0x00000000d5700000)
  from space 1536K, 98% used [0x00000000d5700000,0x00000000d587b090,0x00000000d5880000)
  to   space 2560K, 0% used [0x00000000d5a00000,0x00000000d5a00000,0x00000000d5c80000)
 ParOldGen       total 1327104K, used 522088K [0x0000000080000000, 0x00000000d1000000, 0x00000000d5580000)
  object space 1327104K, 39% used [0x0000000080000000,0x000000009fdda190,0x00000000d1000000)
 Metaspace       used 87876K, committed 89728K, reserved 1179648K
  class space    used 8912K, committed 9728K, reserved 1048576K
}
Event: 1387.114 GC heap before
{Heap before GC invocations=3714 (full 4):
 PSYoungGen      total 3072K, used 3052K [0x00000000d5580000, 0x00000000d5c80000, 0x0000000100000000)
  eden space 1536K, 99% used [0x00000000d5580000,0x00000000d56ffff0,0x00000000d5700000)
  from space 1536K, 98% used [0x00000000d5700000,0x00000000d587b090,0x00000000d5880000)
  to   space 2560K, 0% used [0x00000000d5a00000,0x00000000d5a00000,0x00000000d5c80000)
 ParOldGen       total 1327104K, used 522088K [0x0000000080000000, 0x00000000d1000000, 0x00000000d5580000)
  object space 1327104K, 39% used [0x0000000080000000,0x000000009fdda190,0x00000000d1000000)
 Metaspace       used 87876K, committed 89728K, reserved 1179648K
  class space    used 8912K, committed 9728K, reserved 1048576K
}
Event: 1387.116 GC heap after
{Heap after GC invocations=3714 (full 4):
 PSYoungGen      total 4096K, used 1632K [0x00000000d5580000, 0x00000000d5c00000, 0x0000000100000000)
  eden space 2048K, 0% used [0x00000000d5580000,0x00000000d5580000,0x00000000d5780000)
  from space 2048K, 79% used [0x00000000d5a00000,0x00000000d5b98000,0x00000000d5c00000)
  to   space 2048K, 0% used [0x00000000d5800000,0x00000000d5800000,0x00000000d5a00000)
 ParOldGen       total 1327104K, used 523524K [0x0000000080000000, 0x00000000d1000000, 0x00000000d5580000)
  object space 1327104K, 39% used [0x0000000080000000,0x000000009ff41220,0x00000000d1000000)
 Metaspace       used 87876K, committed 89728K, reserved 1179648K
  class space    used 8912K, committed 9728K, reserved 1048576K
}
Event: 1387.124 GC heap before
{Heap before GC invocations=3715 (full 4):
 PSYoungGen      total 4096K, used 3680K [0x00000000d5580000, 0x00000000d5c00000, 0x0000000100000000)
  eden space 2048K, 100% used [0x00000000d5580000,0x00000000d5780000,0x00000000d5780000)
  from space 2048K, 79% used [0x00000000d5a00000,0x00000000d5b98000,0x00000000d5c00000)
  to   space 2048K, 0% used [0x00000000d5800000,0x00000000d5800000,0x00000000d5a00000)
 ParOldGen       total 1327104K, used 523524K [0x0000000080000000, 0x00000000d1000000, 0x00000000d5580000)
  object space 1327104K, 39% used [0x0000000080000000,0x000000009ff41220,0x00000000d1000000)
 Metaspace       used 87877K, committed 89728K, reserved 1179648K
  class space    used 8912K, committed 9728K, reserved 1048576K
}
Event: 1387.127 GC heap after
{Heap after GC invocations=3715 (full 4):
 PSYoungGen      total 3584K, used 1001K [0x00000000d5580000, 0x00000000d5b00000, 0x0000000100000000)
  eden space 2560K, 0% used [0x00000000d5580000,0x00000000d5580000,0x00000000d5800000)
  from space 1024K, 97% used [0x00000000d5800000,0x00000000d58fa400,0x00000000d5900000)
  to   space 1536K, 0% used [0x00000000d5980000,0x00000000d5980000,0x00000000d5b00000)
 ParOldGen       total 1327104K, used 525060K [0x0000000080000000, 0x00000000d1000000, 0x00000000d5580000)
  object space 1327104K, 39% used [0x0000000080000000,0x00000000a00c1220,0x00000000d1000000)
 Metaspace       used 87877K, committed 89728K, reserved 1179648K
  class space    used 8912K, committed 9728K, reserved 1048576K
}
Event: 1387.130 GC heap before
{Heap before GC invocations=3716 (full 4):
 PSYoungGen      total 3584K, used 3561K [0x00000000d5580000, 0x00000000d5b00000, 0x0000000100000000)
  eden space 2560K, 100% used [0x00000000d5580000,0x00000000d5800000,0x00000000d5800000)
  from space 1024K, 97% used [0x00000000d5800000,0x00000000d58fa400,0x00000000d5900000)
  to   space 1536K, 0% used [0x00000000d5980000,0x00000000d5980000,0x00000000d5b00000)
 ParOldGen       total 1327104K, used 525060K [0x0000000080000000, 0x00000000d1000000, 0x00000000d5580000)
  object space 1327104K, 39% used [0x0000000080000000,0x00000000a00c1220,0x00000000d1000000)
 Metaspace       used 87877K, committed 89728K, reserved 1179648K
  class space    used 8912K, committed 9728K, reserved 1048576K
}
Event: 1387.131 GC heap after
{Heap after GC invocations=3716 (full 4):
 PSYoungGen      total 4096K, used 448K [0x00000000d5580000, 0x00000000d5a80000, 0x0000000100000000)
  eden space 3072K, 0% used [0x00000000d5580000,0x00000000d5580000,0x00000000d5880000)
  from space 1024K, 43% used [0x00000000d5980000,0x00000000d59f0000,0x00000000d5a80000)
  to   space 1024K, 0% used [0x00000000d5880000,0x00000000d5880000,0x00000000d5980000)
 ParOldGen       total 1327104K, used 525973K [0x0000000080000000, 0x00000000d1000000, 0x00000000d5580000)
  object space 1327104K, 39% used [0x0000000080000000,0x00000000a01a5620,0x00000000d1000000)
 Metaspace       used 87877K, committed 89728K, reserved 1179648K
  class space    used 8912K, committed 9728K, reserved 1048576K
}
Event: 1387.136 GC heap before
{Heap before GC invocations=3717 (full 4):
 PSYoungGen      total 4096K, used 3520K [0x00000000d5580000, 0x00000000d5a80000, 0x0000000100000000)
  eden space 3072K, 100% used [0x00000000d5580000,0x00000000d5880000,0x00000000d5880000)
  from space 1024K, 43% used [0x00000000d5980000,0x00000000d59f0000,0x00000000d5a80000)
  to   space 1024K, 0% used [0x00000000d5880000,0x00000000d5880000,0x00000000d5980000)
 ParOldGen       total 1327104K, used 525973K [0x0000000080000000, 0x00000000d1000000, 0x00000000d5580000)
  object space 1327104K, 39% used [0x0000000080000000,0x00000000a01a5620,0x00000000d1000000)
 Metaspace       used 87877K, committed 89728K, reserved 1179648K
  class space    used 8912K, committed 9728K, reserved 1048576K
}
Event: 1387.137 GC heap after
{Heap after GC invocations=3717 (full 4):
 PSYoungGen      total 4096K, used 336K [0x00000000d5580000, 0x00000000d5a80000, 0x0000000100000000)
  eden space 3072K, 0% used [0x00000000d5580000,0x00000000d5580000,0x00000000d5880000)
  from space 1024K, 32% used [0x00000000d5880000,0x00000000d58d4010,0x00000000d5980000)
  to   space 512K, 0% used [0x00000000d5a00000,0x00000000d5a00000,0x00000000d5a80000)
 ParOldGen       total 1327104K, used 526309K [0x0000000080000000, 0x00000000d1000000, 0x00000000d5580000)
  object space 1327104K, 39% used [0x0000000080000000,0x00000000a01f9620,0x00000000d1000000)
 Metaspace       used 87877K, committed 89728K, reserved 1179648K
  class space    used 8912K, committed 9728K, reserved 1048576K
}
Event: 1387.141 GC heap before
{Heap before GC invocations=3718 (full 4):
 PSYoungGen      total 4096K, used 3408K [0x00000000d5580000, 0x00000000d5a80000, 0x0000000100000000)
  eden space 3072K, 100% used [0x00000000d5580000,0x00000000d5880000,0x00000000d5880000)
  from space 1024K, 32% used [0x00000000d5880000,0x00000000d58d4010,0x00000000d5980000)
  to   space 512K, 0% used [0x00000000d5a00000,0x00000000d5a00000,0x00000000d5a80000)
 ParOldGen       total 1327104K, used 526309K [0x0000000080000000, 0x00000000d1000000, 0x00000000d5580000)
  object space 1327104K, 39% used [0x0000000080000000,0x00000000a01f9620,0x00000000d1000000)
 Metaspace       used 87877K, committed 89728K, reserved 1179648K
  class space    used 8912K, committed 9728K, reserved 1048576K
}
Event: 1387.142 GC heap after
{Heap after GC invocations=3718 (full 4):
 PSYoungGen      total 4608K, used 320K [0x00000000d5580000, 0x00000000d5a80000, 0x0000000100000000)
  eden space 4096K, 0% used [0x00000000d5580000,0x00000000d5580000,0x00000000d5980000)
  from space 512K, 62% used [0x00000000d5a00000,0x00000000d5a50000,0x00000000d5a80000)
  to   space 512K, 0% used [0x00000000d5980000,0x00000000d5980000,0x00000000d5a00000)
 ParOldGen       total 1327104K, used 526533K [0x0000000080000000, 0x00000000d1000000, 0x00000000d5580000)
  object space 1327104K, 39% used [0x0000000080000000,0x00000000a0231640,0x00000000d1000000)
 Metaspace       used 87877K, committed 89728K, reserved 1179648K
  class space    used 8912K, committed 9728K, reserved 1048576K
}
Event: 1387.150 GC heap before
{Heap before GC invocations=3719 (full 4):
 PSYoungGen      total 4608K, used 4415K [0x00000000d5580000, 0x00000000d5a80000, 0x0000000100000000)
  eden space 4096K, 99% used [0x00000000d5580000,0x00000000d597ffe8,0x00000000d5980000)
  from space 512K, 62% used [0x00000000d5a00000,0x00000000d5a50000,0x00000000d5a80000)
  to   space 512K, 0% used [0x00000000d5980000,0x00000000d5980000,0x00000000d5a00000)
 ParOldGen       total 1327104K, used 526533K [0x0000000080000000, 0x00000000d1000000, 0x00000000d5580000)
  object space 1327104K, 39% used [0x0000000080000000,0x00000000a0231640,0x00000000d1000000)
 Metaspace       used 87877K, committed 89728K, reserved 1179648K
  class space    used 8912K, committed 9728K, reserved 1048576K
}
Event: 1387.152 GC heap after
{Heap after GC invocations=3719 (full 4):
 PSYoungGen      total 4608K, used 486K [0x00000000d5580000, 0x00000000d6080000, 0x0000000100000000)
  eden space 4096K, 0% used [0x00000000d5580000,0x00000000d5580000,0x00000000d5980000)
  from space 512K, 94% used [0x00000000d5980000,0x00000000d59f9848,0x00000000d5a00000)
  to   space 3072K, 0% used [0x00000000d5d80000,0x00000000d5d80000,0x00000000d6080000)
 ParOldGen       total 1327104K, used 528683K [0x0000000080000000, 0x00000000d1000000, 0x00000000d5580000)
  object space 1327104K, 39% used [0x0000000080000000,0x00000000a044ae88,0x00000000d1000000)
 Metaspace       used 87877K, committed 89728K, reserved 1179648K
  class space    used 8912K, committed 9728K, reserved 1048576K
}
Event: 1387.162 GC heap before
{Heap before GC invocations=3720 (full 4):
 PSYoungGen      total 4608K, used 4582K [0x00000000d5580000, 0x00000000d6080000, 0x0000000100000000)
  eden space 4096K, 99% used [0x00000000d5580000,0x00000000d597fff0,0x00000000d5980000)
  from space 512K, 94% used [0x00000000d5980000,0x00000000d59f9848,0x00000000d5a00000)
  to   space 3072K, 0% used [0x00000000d5d80000,0x00000000d5d80000,0x00000000d6080000)
 ParOldGen       total 1327104K, used 528683K [0x0000000080000000, 0x00000000d1000000, 0x00000000d5580000)
  object space 1327104K, 39% used [0x0000000080000000,0x00000000a044ae88,0x00000000d1000000)
 Metaspace       used 87877K, committed 89728K, reserved 1179648K
  class space    used 8912K, committed 9728K, reserved 1048576K
}
Event: 1387.164 GC heap after
{Heap after GC invocations=3720 (full 4):
 PSYoungGen      total 7168K, used 3052K [0x00000000d5580000, 0x00000000d6280000, 0x0000000100000000)
  eden space 4096K, 0% used [0x00000000d5580000,0x00000000d5580000,0x00000000d5980000)
  from space 3072K, 99% used [0x00000000d5d80000,0x00000000d607b090,0x00000000d6080000)
  to   space 4096K, 0% used [0x00000000d5980000,0x00000000d5980000,0x00000000d5d80000)
 ParOldGen       total 1327104K, used 529003K [0x0000000080000000, 0x00000000d1000000, 0x00000000d5580000)
  object space 1327104K, 39% used [0x0000000080000000,0x00000000a049ae88,0x00000000d1000000)
 Metaspace       used 87877K, committed 89728K, reserved 1179648K
  class space    used 8912K, committed 9728K, reserved 1048576K
}

